2017-05-17 11:20:18,785 CRIT Supervisor running as root (no user in config file)
2017-05-17 11:20:18,794 INFO supervisord started with pid 12
2017-05-17 11:20:19,800 INFO spawned: 'php-fpm' with pid 15
2017-05-17 11:20:19,806 INFO spawned: 'apache2' with pid 16
2017-05-17 11:20:19,906 INFO exited: php-fpm (exit status 78; not expected)
2017-05-17 11:20:20,921 INFO spawned: 'php-fpm' with pid 76
2017-05-17 11:20:20,925 INFO success: apache2 entered RUNNING state, process has stayed up for > than 1 seconds (startsecs)
2017-05-17 11:20:21,015 INFO exited: php-fpm (exit status 78; not expected)
2017-05-17 11:20:23,022 INFO spawned: 'php-fpm' with pid 77
2017-05-17 11:20:23,086 INFO exited: php-fpm (exit status 78; not expected)
2017-05-17 11:20:26,103 INFO spawned: 'php-fpm' with pid 78
2017-05-17 11:20:26,183 INFO exited: php-fpm (exit status 78; not expected)
2017-05-17 11:20:27,189 INFO gave up: php-fpm entered FATAL state, too many start retries too quickly
2017-05-17 11:20:38,348 WARN received SIGINT indicating exit request
2017-05-17 11:20:38,350 INFO waiting for apache2 to die
2017-05-17 11:20:38,352 INFO stopped: apache2 (terminated by SIGTERM)
2017-05-17 11:20:41,125 CRIT Supervisor running as root (no user in config file)
2017-05-17 11:20:41,252 INFO supervisord started with pid 79
2017-05-17 11:20:42,257 INFO spawned: 'php-fpm' with pid 82
2017-05-17 11:20:42,263 INFO spawned: 'apache2' with pid 83
2017-05-17 11:20:42,301 INFO exited: apache2 (exit status 0; not expected)
2017-05-17 11:20:42,325 INFO exited: php-fpm (exit status 78; not expected)
2017-05-17 11:20:43,337 INFO spawned: 'php-fpm' with pid 86
2017-05-17 11:20:43,345 INFO spawned: 'apache2' with pid 87
2017-05-17 11:20:43,405 INFO exited: apache2 (exit status 0; not expected)
2017-05-17 11:20:43,406 INFO exited: php-fpm (exit status 78; not expected)
2017-05-17 11:20:45,422 INFO spawned: 'php-fpm' with pid 90
2017-05-17 11:20:45,430 INFO spawned: 'apache2' with pid 91
2017-05-17 11:20:45,487 INFO exited: apache2 (exit status 0; not expected)
2017-05-17 11:20:45,495 INFO exited: php-fpm (exit status 78; not expected)
2017-05-17 11:20:48,514 INFO spawned: 'php-fpm' with pid 95
2017-05-17 11:20:48,518 INFO spawned: 'apache2' with pid 96
2017-05-17 11:20:48,568 INFO exited: apache2 (exit status 0; not expected)
2017-05-17 11:20:48,572 INFO gave up: apache2 entered FATAL state, too many start retries too quickly
2017-05-17 11:20:48,594 INFO exited: php-fpm (exit status 78; not expected)
2017-05-17 11:20:49,597 INFO gave up: php-fpm entered FATAL state, too many start retries too quickly
